SF:lib\billsDialog.dart
DA:9,1
DA:17,1
DA:18,1
DA:23,1
DA:25,1
DA:27,1
DA:29,1
DA:30,1
DA:33,2
DA:34,1
DA:35,2
DA:36,2
DA:37,5
DA:41,1
DA:44,2
DA:45,1
DA:46,2
DA:47,2
DA:48,5
DA:54,1
DA:55,1
DA:57,1
DA:58,2
LF:23
LH:23
end_of_record
SF:lib\expenditureDialog.dart
DA:11,1
DA:13,1
DA:14,1
DA:26,1
DA:27,1
DA:28,1
DA:29,1
DA:30,1
DA:31,0
DA:32,0
DA:33,0
DA:41,1
DA:42,1
DA:43,1
DA:44,1
DA:45,1
DA:46,1
DA:47,2
DA:48,1
DA:49,1
DA:52,1
DA:53,1
DA:55,1
DA:56,1
DA:62,1
DA:64,1
DA:66,1
DA:68,1
DA:70,2
DA:71,1
DA:72,1
DA:74,1
DA:75,1
DA:77,1
DA:78,0
DA:92,1
DA:94,1
DA:96,1
DA:97,2
DA:98,1
DA:99,1
DA:101,1
DA:102,2
DA:103,1
DA:110,1
DA:111,2
DA:115,2
DA:117,0
DA:118,0
DA:119,0
DA:120,0
DA:126,1
DA:127,4
DA:128,1
DA:129,1
DA:130,1
DA:131,2
DA:132,1
DA:133,2
DA:134,1
DA:135,1
DA:136,1
DA:141,1
DA:143,1
DA:144,1
DA:145,1
DA:146,1
DA:148,1
DA:149,2
DA:150,1
DA:158,2
DA:160,1
DA:161,2
DA:162,2
DA:163,4
DA:164,1
DA:172,1
DA:174,1
DA:177,1
DA:179,1
DA:182,1
DA:184,1
DA:185,2
DA:186,1
LF:84
LH:76
end_of_record
SF:lib\getTotalAmounts.dart
DA:7,1
DA:9,0
DA:11,0
DA:14,0
DA:15,0
DA:23,0
DA:24,0
DA:25,0
DA:26,0
DA:27,0
DA:28,0
DA:31,0
DA:33,0
DA:34,0
DA:42,0
DA:44,0
DA:45,0
DA:46,0
LF:18
LH:1
end_of_record
SF:lib\hive\transaction_box_model.g.dart
DA:13,0
DA:15,0
DA:16,0
DA:17,0
DA:19,0
DA:20,0
DA:21,0
DA:22,0
DA:23,0
DA:24,0
DA:25,0
DA:29,0
DA:32,0
DA:33,0
DA:34,0
DA:35,0
DA:36,0
DA:37,0
DA:38,0
DA:39,0
DA:40,0
DA:41,0
DA:42,0
DA:43,0
DA:44,0
DA:47,0
DA:48,0
DA:50,0
DA:53,0
DA:54,0
DA:55,0
DA:62,0
DA:64,0
DA:65,0
DA:66,0
DA:68,0
DA:69,0
DA:70,0
DA:71,0
DA:72,0
DA:73,0
DA:74,0
DA:78,0
DA:81,0
DA:82,0
DA:83,0
DA:84,0
DA:85,0
DA:86,0
DA:87,0
DA:88,0
DA:89,0
DA:90,0
DA:91,0
DA:92,0
DA:93,0
DA:96,0
DA:97,0
DA:99,0
DA:102,0
DA:103,0
DA:104,0
DA:111,0
DA:113,0
DA:114,0
DA:115,0
DA:117,0
DA:118,0
DA:119,0
DA:120,0
DA:121,0
DA:122,0
DA:126,0
DA:129,0
DA:130,0
DA:131,0
DA:132,0
DA:133,0
DA:134,0
DA:135,0
DA:136,0
DA:137,0
DA:138,0
DA:139,0
DA:142,0
DA:143,0
DA:145,0
DA:148,0
DA:149,0
DA:150,0
LF:90
LH:0
end_of_record
SF:lib\hive\transaction_box_model.dart
DA:23,0
DA:32,0
DA:41,0
DA:47,0
LF:4
LH:0
end_of_record
SF:lib\hive\transaction_box_operations.dart
DA:8,0
DA:9,0
DA:11,0
DA:13,0
DA:18,0
DA:19,0
DA:21,0
DA:23,0
DA:27,0
DA:29,0
DA:30,0
DA:31,0
DA:32,0
LF:13
LH:0
end_of_record
SF:lib\imageDialog.dart
DA:9,1
DA:11,1
DA:12,1
DA:19,1
DA:20,2
DA:23,0
DA:24,0
DA:25,0
DA:27,0
DA:31,1
DA:32,2
DA:35,0
DA:36,0
DA:37,0
DA:39,0
DA:43,1
DA:45,1
DA:47,1
DA:49,1
DA:50,1
DA:51,1
DA:54,1
DA:55,1
DA:58,1
DA:59,0
DA:63,1
DA:64,1
DA:65,1
DA:66,2
LF:29
LH:20
end_of_record
SF:lib\incomeDialog.dart
DA:9,1
DA:11,1
DA:12,1
DA:21,1
DA:23,1
DA:25,1
DA:27,1
DA:29,2
DA:30,1
DA:31,1
DA:33,1
DA:34,1
DA:36,1
DA:37,0
DA:52,1
DA:54,1
DA:56,1
DA:57,2
DA:58,1
DA:59,1
DA:61,1
DA:62,2
DA:63,1
DA:70,1
DA:71,2
DA:75,2
DA:77,0
DA:78,0
DA:79,0
DA:80,0
DA:87,1
DA:88,4
DA:89,1
DA:90,1
DA:91,1
DA:92,2
DA:93,1
DA:94,2
DA:95,1
DA:100,1
DA:102,1
DA:103,1
DA:104,1
DA:105,1
DA:107,1
DA:108,2
DA:109,1
DA:117,2
DA:119,1
DA:120,2
DA:121,2
DA:122,4
DA:123,1
DA:131,1
DA:133,1
DA:134,2
DA:135,1
LF:57
LH:52
end_of_record
SF:lib\main.dart
DA:9,0
DA:10,0
DA:13,0
DA:14,0
DA:15,0
DA:19,0
DA:20,0
DA:21,0
DA:24,0
DA:25,0
DA:26,0
DA:28,0
DA:30,0
DA:31,0
DA:33,0
DA:34,0
DA:35,0
DA:36,0
DA:37,0
DA:38,0
DA:39,0
DA:40,0
DA:41,0
DA:42,0
DA:43,0
DA:44,0
DA:45,0
DA:46,0
DA:47,0
DA:48,0
DA:49,0
DA:50,0
DA:53,0
DA:54,0
DA:55,0
DA:56,0
DA:57,0
DA:58,0
DA:59,0
DA:60,0
DA:61,0
DA:62,0
DA:63,0
DA:64,0
DA:65,0
DA:66,0
DA:67,0
DA:68,0
DA:69,0
DA:70,0
DA:74,0
DA:75,0
DA:79,0
DA:80,0
DA:86,2
DA:89,1
DA:91,1
DA:93,1
DA:94,1
DA:97,3
DA:103,1
DA:110,1
DA:111,1
DA:116,1
DA:118,1
DA:119,1
DA:120,3
DA:121,3
DA:123,1
DA:125,1
DA:126,1
DA:127,0
DA:129,0
DA:130,0
DA:136,1
DA:137,1
DA:138,1
DA:139,1
DA:140,0
DA:141,0
DA:143,0
DA:153,1
DA:155,1
DA:156,1
DA:157,1
DA:158,1
DA:160,1
DA:161,3
DA:166,1
DA:167,1
DA:168,1
DA:170,1
DA:171,3
LF:93
LH:33
end_of_record
SF:lib\transaction_widgets\imageViewer.dart
DA:7,2
DA:12,1
DA:14,1
DA:16,4
DA:17,3
DA:19,1
DA:20,1
DA:21,0
DA:22,0
LF:9
LH:7
end_of_record
SF:lib\transaction_widgets\transactionCards.dart
DA:5,0
DA:6,0
DA:7,0
DA:8,0
DA:9,0
DA:10,0
DA:11,0
DA:13,0
DA:21,0
DA:26,0
DA:28,0
DA:30,0
DA:32,0
DA:34,0
DA:35,0
DA:36,0
DA:37,0
DA:38,0
DA:39,0
DA:42,0
DA:44,0
DA:45,0
DA:47,0
DA:59,0
DA:64,0
DA:66,0
DA:68,0
DA:70,0
DA:72,0
DA:73,0
DA:74,0
DA:75,0
DA:76,0
DA:77,0
DA:80,0
DA:82,0
DA:83,0
DA:85,0
DA:97,0
DA:102,0
DA:104,0
DA:106,0
DA:108,0
DA:110,0
DA:111,0
DA:112,0
DA:113,0
DA:114,0
LF:48
LH:0
end_of_record
SF:lib\transaction_widgets\transactionHistoryPage.dart
DA:9,2
DA:15,0
DA:17,0
DA:19,0
DA:20,0
DA:21,0
DA:23,0
DA:27,0
DA:29,0
DA:31,0
DA:38,0
DA:39,0
DA:40,0
DA:41,0
DA:42,0
DA:43,0
DA:45,0
DA:50,0
DA:52,0
DA:53,0
DA:54,0
DA:59,0
DA:60,0
DA:62,0
DA:63,0
DA:65,0
DA:66,0
DA:68,0
DA:69,0
DA:71,0
DA:72,0
DA:73,0
DA:74,0
DA:75,0
DA:76,0
DA:77,0
DA:78,0
DA:79,0
DA:83,0
DA:84,0
LF:40
LH:1
end_of_record
SF:lib\visualizationsPage.dart
DA:11,2
DA:13,0
DA:14,0
DA:26,0
DA:28,0
DA:29,0
DA:32,0
DA:33,0
DA:34,0
DA:35,0
DA:48,0
DA:49,0
DA:50,0
DA:51,0
DA:52,0
DA:54,0
DA:59,0
DA:60,0
DA:61,0
DA:62,0
DA:63,0
DA:64,0
DA:65,0
DA:66,0
DA:67,0
DA:68,0
DA:69,0
DA:70,0
DA:74,0
DA:77,0
DA:78,0
DA:86,0
DA:87,0
DA:88,0
DA:90,0
DA:92,0
DA:94,0
DA:99,0
DA:100,0
DA:102,0
DA:103,0
DA:104,0
DA:106,0
DA:107,0
DA:108,0
DA:110,0
DA:111,0
DA:112,0
DA:118,0
DA:120,0
DA:121,0
DA:122,0
DA:123,0
DA:124,0
DA:126,0
DA:128,0
DA:129,0
DA:131,0
DA:134,0
DA:135,0
DA:136,0
DA:153,0
DA:155,0
DA:156,0
DA:157,0
DA:158,0
DA:159,0
DA:171,0
DA:173,0
DA:174,0
DA:175,0
DA:176,0
DA:178,0
DA:179,0
DA:180,0
DA:181,0
DA:182,0
DA:183,0
DA:184,0
DA:185,0
DA:188,0
DA:189,0
DA:190,0
DA:191,0
DA:192,0
DA:193,0
DA:194,0
DA:197,0
DA:202,0
DA:203,0
DA:204,0
DA:205,0
DA:206,0
DA:207,0
DA:211,0
DA:212,0
DA:213,0
DA:215,0
DA:216,0
DA:218,0
DA:219,0
DA:221,0
DA:222,0
DA:223,0
DA:236,0
DA:237,0
DA:238,0
DA:239,0
DA:240,0
DA:243,0
DA:245,0
DA:247,0
DA:248,0
DA:251,0
DA:253,0
DA:254,0
DA:255,0
DA:258,0
DA:261,0
DA:262,0
DA:268,0
DA:269,0
DA:270,0
DA:272,0
DA:273,0
DA:281,0
DA:282,0
DA:285,0
DA:286,0
DA:297,0
DA:298,0
DA:299,0
DA:301,0
DA:302,0
DA:303,0
DA:305,0
DA:306,0
DA:307,0
DA:308,0
DA:318,0
DA:319,0
DA:321,0
DA:322,0
DA:323,0
DA:324,0
DA:325,0
DA:326,0
DA:327,0
DA:329,0
DA:335,0
DA:336,0
DA:337,0
DA:338,0
DA:344,0
DA:346,0
DA:348,0
DA:350,0
DA:351,0
DA:352,0
DA:353,0
DA:356,0
DA:357,0
DA:359,0
DA:360,0
DA:365,0
DA:370,0
DA:371,0
DA:374,0
DA:376,0
DA:377,0
DA:378,0
DA:380,0
DA:382,0
DA:383,0
DA:384,0
DA:386,0
DA:387,0
DA:395,0
DA:396,0
DA:397,0
DA:399,0
DA:400,0
DA:401,0
DA:403,0
DA:405,0
DA:406,0
DA:407,0
DA:408,0
DA:409,0
DA:411,0
DA:412,0
DA:417,0
DA:419,0
DA:420,0
DA:428,0
DA:430,0
DA:431,0
DA:432,0
DA:433,0
DA:434,0
DA:437,0
DA:438,0
DA:439,0
DA:442,0
DA:443,0
DA:444,0
DA:449,0
DA:464,0
DA:470,0
DA:471,0
DA:473,0
DA:475,0
DA:476,0
DA:479,0
DA:480,0
DA:488,0
DA:489,0
DA:491,0
DA:492,0
DA:493,0
DA:495,0
DA:507,0
DA:508,0
DA:510,0
DA:511,0
DA:512,0
DA:513,0
DA:515,0
DA:518,0
LF:229
LH:1
end_of_record
SF:lib\visualizationTimeScalePicker.dart
DA:9,0
DA:17,0
DA:18,0
DA:24,0
DA:26,0
DA:27,0
DA:30,0
DA:32,0
DA:33,0
DA:34,0
DA:35,0
DA:36,0
DA:37,0
DA:38,0
DA:39,0
DA:40,0
DA:41,0
DA:42,0
DA:47,0
DA:48,0
DA:49,0
DA:50,0
DA:51,0
DA:52,0
DA:55,0
DA:59,0
DA:60,0
DA:61,0
DA:62,0
DA:63,0
DA:70,0
LF:31
LH:0
end_of_record
